SF:lib\features\jokes_feature\domain\jokes_entity.dart
DA:4,5
DA:14,2
DA:15,8
DA:17,4
DA:22,4
DA:23,0
DA:24,4
DA:25,4
LF:8
LH:7
end_of_record
SF:lib\features\jokes_feature\domain\jokes_use_case.dart
DA:6,5
DA:7,5
DA:8,5
DA:9,5
DA:10,2
DA:11,2
DA:12,2
DA:13,2
DA:14,2
DA:20,4
DA:21,12
DA:23,4
DA:24,4
DA:25,9
DA:27,3
DA:28,3
DA:30,3
DA:36,2
DA:46,2
DA:47,8
DA:51,0
DA:52,0
DA:59,3
DA:64,3
DA:65,3
DA:66,3
DA:67,3
LF:27
LH:25
end_of_record
SF:lib\providers.dart
DA:14,16
DA:16,12
DA:18,1
DA:20,1
DA:23,2
DA:24,1
DA:25,2
DA:28,15
DA:29,10
DA:32,12
DA:33,8
DA:36,6
DA:37,4
DA:39,2
DA:40,8
DA:45,1
DA:46,3
DA:47,3
DA:48,3
LF:19
LH:19
end_of_record
SF:lib\features.dart
DA:5,6
DA:14,1
DA:16,1
DA:19,1
LF:4
LH:4
end_of_record
SF:lib\features\jokes_feature\external_interface\jokes_gateway.dart
DA:10,4
DA:11,12
DA:13,3
DA:15,3
DA:18,0
DA:20,0
DA:23,3
DA:25,6
DA:30,1
LF:9
LH:7
end_of_record
SF:lib\features\jokes_feature\presentation\jokes_ui.dart
DA:8,2
DA:9,2
DA:11,2
DA:13,2
DA:14,6
DA:15,2
DA:18,2
DA:19,2
DA:20,2
DA:23,2
DA:24,4
DA:25,4
DA:27,2
DA:29,2
DA:30,2
DA:35,0
DA:48,2
DA:52,2
DA:57,2
DA:59,2
DA:61,2
DA:62,0
DA:63,0
DA:66,0
DA:73,0
DA:75,0
DA:76,0
DA:82,2
LF:28
LH:21
end_of_record
SF:lib\features\jokes_feature\domain\jokes_view_model.dart
DA:4,2
DA:16,0
DA:17,0
LF:3
LH:1
end_of_record
SF:lib\features\jokes_feature\presentation\jokes_presenter.dart
DA:14,2
DA:15,2
DA:17,2
DA:20,2
DA:22,2
DA:25,2
DA:30,2
DA:31,2
DA:32,2
DA:33,2
DA:34,2
LF:11
LH:11
end_of_record
SF:lib\main.dart
DA:7,0
DA:8,0
DA:9,0
DA:13,1
DA:15,1
DA:16,1
DA:17,1
DA:18,7
DA:19,1
DA:20,1
DA:24,1
DA:25,2
DA:26,2
DA:27,1
LF:14
LH:11
end_of_record
SF:lib\routes.dart
DA:8,6
DA:13,9
DA:14,3
DA:15,3
DA:18,3
DA:19,3
DA:20,3
DA:23,2
DA:28,3
DA:32,2
DA:36,1
DA:38,1
DA:39,1
DA:40,3
LF:14
LH:14
end_of_record
SF:lib\home_page.dart
DA:5,6
DA:7,3
DA:9,3
DA:10,3
DA:13,3
DA:15,3
DA:16,3
DA:20,3
LF:8
LH:8
end_of_record
